2024-01-24 19:30:27,732:WARNING:
'cuml' is a soft dependency and not included in the pycaret installation. Please run: `pip install cuml` to install.
2024-01-24 19:30:27,732:WARNING:
'cuml' is a soft dependency and not included in the pycaret installation. Please run: `pip install cuml` to install.
2024-01-24 19:30:27,732:WARNING:
'cuml' is a soft dependency and not included in the pycaret installation. Please run: `pip install cuml` to install.
2024-01-24 19:30:27,732:WARNING:
'cuml' is a soft dependency and not included in the pycaret installation. Please run: `pip install cuml` to install.
2024-01-24 19:34:12,674:INFO:PyCaret RegressionExperiment
2024-01-24 19:34:12,674:INFO:Logging name: reg-default-name
2024-01-24 19:34:12,674:INFO:ML Usecase: MLUsecase.REGRESSION
2024-01-24 19:34:12,674:INFO:version 3.2.0
2024-01-24 19:34:12,675:INFO:Initializing setup()
2024-01-24 19:34:12,675:INFO:self.USI: 5c8e
2024-01-24 19:34:12,675:INFO:self._variable_keys: {'fold_generator', 'fold_groups_param', 'html_param', 'y', 'exp_id', 'idx', 'gpu_param', 'X_train', 'X', 'data', 'fold_shuffle_param', 'X_test', 'exp_name_log', 'USI', 'pipeline', 'seed', '_ml_usecase', 'logging_param', 'transform_target_param', 'y_test', '_available_plots', 'n_jobs_param', 'memory', 'gpu_n_jobs_param', 'target_param', 'y_train', 'log_plots_param'}
2024-01-24 19:34:12,675:INFO:Checking environment
2024-01-24 19:34:12,675:INFO:python_version: 3.11.5
2024-01-24 19:34:12,675:INFO:python_build: ('tags/v3.11.5:cce6ba9', 'Aug 24 2023 14:38:34')
2024-01-24 19:34:12,675:INFO:machine: AMD64
2024-01-24 19:34:12,675:INFO:platform: Windows-10-10.0.22631-SP0
2024-01-24 19:34:12,680:INFO:Memory: svmem(total=33980960768, available=20543090688, percent=39.5, used=13437870080, free=20543090688)
2024-01-24 19:34:12,680:INFO:Physical Core: 16
2024-01-24 19:34:12,680:INFO:Logical Core: 24
2024-01-24 19:34:12,680:INFO:Checking libraries
2024-01-24 19:34:12,680:INFO:System:
2024-01-24 19:34:12,680:INFO:    python: 3.11.5 (tags/v3.11.5:cce6ba9, Aug 24 2023, 14:38:34) [MSC v.1936 64 bit (AMD64)]
2024-01-24 19:34:12,681:INFO:executable: c:\Users\HP Omen 17\AppData\Local\Programs\Python\Python311\python.exe
2024-01-24 19:34:12,681:INFO:   machine: Windows-10-10.0.22631-SP0
2024-01-24 19:34:12,681:INFO:PyCaret required dependencies:
2024-01-24 19:34:13,388:INFO:                 pip: 23.3.2
2024-01-24 19:34:13,388:INFO:          setuptools: 69.0.3
2024-01-24 19:34:13,388:INFO:             pycaret: 3.2.0
2024-01-24 19:34:13,388:INFO:             IPython: 8.20.0
2024-01-24 19:34:13,388:INFO:          ipywidgets: 8.1.1
2024-01-24 19:34:13,388:INFO:                tqdm: 4.66.1
2024-01-24 19:34:13,388:INFO:               numpy: 1.25.2
2024-01-24 19:34:13,388:INFO:              pandas: 2.0.0
2024-01-24 19:34:13,388:INFO:              jinja2: 3.1.3
2024-01-24 19:34:13,388:INFO:               scipy: 1.10.1
2024-01-24 19:34:13,388:INFO:              joblib: 1.3.2
2024-01-24 19:34:13,388:INFO:             sklearn: 1.2.2
2024-01-24 19:34:13,388:INFO:                pyod: 1.1.2
2024-01-24 19:34:13,388:INFO:            imblearn: 0.11.0
2024-01-24 19:34:13,388:INFO:   category_encoders: 2.6.3
2024-01-24 19:34:13,388:INFO:            lightgbm: 4.2.0
2024-01-24 19:34:13,388:INFO:               numba: 0.58.1
2024-01-24 19:34:13,388:INFO:            requests: 2.31.0
2024-01-24 19:34:13,388:INFO:          matplotlib: 3.6.0
2024-01-24 19:34:13,388:INFO:          scikitplot: 0.3.7
2024-01-24 19:34:13,388:INFO:         yellowbrick: 1.5
2024-01-24 19:34:13,388:INFO:              plotly: 5.18.0
2024-01-24 19:34:13,388:INFO:    plotly-resampler: Not installed
2024-01-24 19:34:13,388:INFO:             kaleido: 0.2.1
2024-01-24 19:34:13,388:INFO:           schemdraw: 0.15
2024-01-24 19:34:13,388:INFO:         statsmodels: 0.14.1
2024-01-24 19:34:13,388:INFO:              sktime: 0.21.1
2024-01-24 19:34:13,389:INFO:               tbats: 1.1.3
2024-01-24 19:34:13,389:INFO:            pmdarima: 2.0.4
2024-01-24 19:34:13,389:INFO:              psutil: 5.9.7
2024-01-24 19:34:13,389:INFO:          markupsafe: 2.1.3
2024-01-24 19:34:13,389:INFO:             pickle5: Not installed
2024-01-24 19:34:13,389:INFO:         cloudpickle: 2.2.1
2024-01-24 19:34:13,389:INFO:         deprecation: 2.1.0
2024-01-24 19:34:13,389:INFO:              xxhash: 3.4.1
2024-01-24 19:34:13,389:INFO:           wurlitzer: Not installed
2024-01-24 19:34:13,389:INFO:PyCaret optional dependencies:
2024-01-24 19:34:15,595:INFO:                shap: 0.44.0
2024-01-24 19:34:15,595:INFO:           interpret: 0.5.0
2024-01-24 19:34:15,595:INFO:                umap: 0.5.5
2024-01-24 19:34:15,595:INFO:     ydata_profiling: 4.6.0
2024-01-24 19:34:15,595:INFO:  explainerdashboard: 0.4.5
2024-01-24 19:34:15,595:INFO:             autoviz: Not installed
2024-01-24 19:34:15,596:INFO:           fairlearn: 0.7.0
2024-01-24 19:34:15,596:INFO:          deepchecks: Not installed
2024-01-24 19:34:15,596:INFO:             xgboost: Not installed
2024-01-24 19:34:15,596:INFO:            catboost: 1.2.2
2024-01-24 19:34:15,596:INFO:              kmodes: 0.12.2
2024-01-24 19:34:15,596:INFO:             mlxtend: 0.23.1
2024-01-24 19:34:15,596:INFO:       statsforecast: 1.5.0
2024-01-24 19:34:15,596:INFO:        tune_sklearn: Not installed
2024-01-24 19:34:15,596:INFO:                 ray: Not installed
2024-01-24 19:34:15,596:INFO:            hyperopt: 0.2.7
2024-01-24 19:34:15,596:INFO:              optuna: 3.5.0
2024-01-24 19:34:15,596:INFO:               skopt: 0.9.0
2024-01-24 19:34:15,596:INFO:              mlflow: 1.30.1
2024-01-24 19:34:15,596:INFO:              gradio: 3.50.2
2024-01-24 19:34:15,596:INFO:             fastapi: 0.109.0
2024-01-24 19:34:15,596:INFO:             uvicorn: 0.26.0
2024-01-24 19:34:15,596:INFO:              m2cgen: 0.10.0
2024-01-24 19:34:15,596:INFO:           evidently: 0.2.8
2024-01-24 19:34:15,596:INFO:               fugue: 0.8.6
2024-01-24 19:34:15,596:INFO:           streamlit: 1.30.0
2024-01-24 19:34:15,596:INFO:             prophet: Not installed
2024-01-24 19:34:15,596:INFO:None
2024-01-24 19:34:15,597:INFO:Set up data.
2024-01-24 19:34:16,440:INFO:Set up folding strategy.
2024-01-24 19:34:16,440:INFO:Set up train/test split.
2024-01-24 19:34:18,726:INFO:Set up index.
2024-01-24 19:34:19,803:INFO:Assigning column types.
2024-01-24 19:34:21,074:INFO:Engine successfully changes for model 'lr' to 'sklearn'.
2024-01-24 19:34:21,074:INFO:Engine for model 'lasso' has not been set explicitly, hence returning None.
2024-01-24 19:34:21,082:INFO:Engine for model 'ridge' has not been set explicitly, hence returning None.
2024-01-24 19:34:21,089:INFO:Engine for model 'en' has not been set explicitly, hence returning None.
2024-01-24 19:34:24,107:INFO:Engine for model 'svm' has not been set explicitly, hence returning None.
2024-01-24 19:34:24,150:INFO:Engine for model 'knn' has not been set explicitly, hence returning None.
2024-01-24 19:34:24,151:WARNING:
'xgboost' is a soft dependency and not included in the pycaret installation. Please run: `pip install xgboost` to install.
Alternately, you can install this by running `pip install pycaret[models]`
2024-01-24 19:34:24,151:INFO:Soft dependency imported: catboost: 1.2.2
2024-01-24 19:34:24,184:INFO:Engine for model 'lasso' has not been set explicitly, hence returning None.
2024-01-24 19:34:24,190:INFO:Engine for model 'ridge' has not been set explicitly, hence returning None.
2024-01-24 19:34:24,194:INFO:Engine for model 'en' has not been set explicitly, hence returning None.
2024-01-24 19:34:27,125:INFO:Engine for model 'svm' has not been set explicitly, hence returning None.
2024-01-24 19:34:27,173:INFO:Engine for model 'knn' has not been set explicitly, hence returning None.
2024-01-24 19:34:27,174:WARNING:
'xgboost' is a soft dependency and not included in the pycaret installation. Please run: `pip install xgboost` to install.
Alternately, you can install this by running `pip install pycaret[models]`
2024-01-24 19:34:27,174:INFO:Soft dependency imported: catboost: 1.2.2
2024-01-24 19:34:27,174:INFO:Engine successfully changes for model 'lasso' to 'sklearn'.
2024-01-24 19:34:27,179:INFO:Engine for model 'ridge' has not been set explicitly, hence returning None.
2024-01-24 19:34:27,183:INFO:Engine for model 'en' has not been set explicitly, hence returning None.
2024-01-24 19:34:30,057:INFO:Engine for model 'svm' has not been set explicitly, hence returning None.
2024-01-24 19:34:30,106:INFO:Engine for model 'knn' has not been set explicitly, hence returning None.
2024-01-24 19:34:30,107:WARNING:
'xgboost' is a soft dependency and not included in the pycaret installation. Please run: `pip install xgboost` to install.
Alternately, you can install this by running `pip install pycaret[models]`
2024-01-24 19:34:30,107:INFO:Soft dependency imported: catboost: 1.2.2
2024-01-24 19:34:30,115:INFO:Engine for model 'ridge' has not been set explicitly, hence returning None.
2024-01-24 19:34:30,120:INFO:Engine for model 'en' has not been set explicitly, hence returning None.
2024-01-24 19:34:33,494:INFO:Engine for model 'svm' has not been set explicitly, hence returning None.
2024-01-24 19:34:33,542:INFO:Engine for model 'knn' has not been set explicitly, hence returning None.
2024-01-24 19:34:33,543:WARNING:
'xgboost' is a soft dependency and not included in the pycaret installation. Please run: `pip install xgboost` to install.
Alternately, you can install this by running `pip install pycaret[models]`
2024-01-24 19:34:33,543:INFO:Soft dependency imported: catboost: 1.2.2
2024-01-24 19:34:33,543:INFO:Engine successfully changes for model 'ridge' to 'sklearn'.
2024-01-24 19:34:33,555:INFO:Engine for model 'en' has not been set explicitly, hence returning None.
2024-01-24 19:34:36,469:INFO:Engine for model 'svm' has not been set explicitly, hence returning None.
2024-01-24 19:34:36,532:INFO:Engine for model 'knn' has not been set explicitly, hence returning None.
2024-01-24 19:34:36,533:WARNING:
'xgboost' is a soft dependency and not included in the pycaret installation. Please run: `pip install xgboost` to install.
Alternately, you can install this by running `pip install pycaret[models]`
2024-01-24 19:34:36,533:INFO:Soft dependency imported: catboost: 1.2.2
2024-01-24 19:34:36,543:INFO:Engine for model 'en' has not been set explicitly, hence returning None.
2024-01-24 19:34:39,906:INFO:Engine for model 'svm' has not been set explicitly, hence returning None.
2024-01-24 19:34:39,956:INFO:Engine for model 'knn' has not been set explicitly, hence returning None.
2024-01-24 19:34:39,956:WARNING:
'xgboost' is a soft dependency and not included in the pycaret installation. Please run: `pip install xgboost` to install.
Alternately, you can install this by running `pip install pycaret[models]`
2024-01-24 19:34:39,958:INFO:Soft dependency imported: catboost: 1.2.2
2024-01-24 19:34:39,958:INFO:Engine successfully changes for model 'en' to 'sklearn'.
2024-01-24 19:34:43,172:INFO:Engine for model 'svm' has not been set explicitly, hence returning None.
2024-01-24 19:34:43,220:INFO:Engine for model 'knn' has not been set explicitly, hence returning None.
2024-01-24 19:34:43,221:WARNING:
'xgboost' is a soft dependency and not included in the pycaret installation. Please run: `pip install xgboost` to install.
Alternately, you can install this by running `pip install pycaret[models]`
2024-01-24 19:34:43,221:INFO:Soft dependency imported: catboost: 1.2.2
2024-01-24 19:34:46,437:INFO:Engine for model 'svm' has not been set explicitly, hence returning None.
2024-01-24 19:34:46,492:INFO:Engine for model 'knn' has not been set explicitly, hence returning None.
2024-01-24 19:34:46,493:WARNING:
'xgboost' is a soft dependency and not included in the pycaret installation. Please run: `pip install xgboost` to install.
Alternately, you can install this by running `pip install pycaret[models]`
2024-01-24 19:34:46,494:INFO:Soft dependency imported: catboost: 1.2.2
2024-01-24 19:34:46,495:INFO:Engine successfully changes for model 'knn' to 'sklearn'.
2024-01-24 19:34:49,844:INFO:Engine for model 'svm' has not been set explicitly, hence returning None.
2024-01-24 19:34:49,898:WARNING:
'xgboost' is a soft dependency and not included in the pycaret installation. Please run: `pip install xgboost` to install.
Alternately, you can install this by running `pip install pycaret[models]`
2024-01-24 19:34:49,898:INFO:Soft dependency imported: catboost: 1.2.2
2024-01-24 19:34:52,773:INFO:Engine for model 'svm' has not been set explicitly, hence returning None.
2024-01-24 19:34:52,820:WARNING:
'xgboost' is a soft dependency and not included in the pycaret installation. Please run: `pip install xgboost` to install.
Alternately, you can install this by running `pip install pycaret[models]`
2024-01-24 19:34:52,822:INFO:Soft dependency imported: catboost: 1.2.2
2024-01-24 19:34:52,823:INFO:Engine successfully changes for model 'svm' to 'sklearn'.
2024-01-24 19:34:55,604:WARNING:
'xgboost' is a soft dependency and not included in the pycaret installation. Please run: `pip install xgboost` to install.
Alternately, you can install this by running `pip install pycaret[models]`
2024-01-24 19:34:55,604:INFO:Soft dependency imported: catboost: 1.2.2
2024-01-24 19:34:59,051:WARNING:
'xgboost' is a soft dependency and not included in the pycaret installation. Please run: `pip install xgboost` to install.
Alternately, you can install this by running `pip install pycaret[models]`
2024-01-24 19:34:59,051:INFO:Soft dependency imported: catboost: 1.2.2
2024-01-24 19:34:59,054:INFO:Preparing preprocessing pipeline...
2024-01-24 19:34:59,054:INFO:Set up simple imputation.
2024-01-24 19:35:02,362:INFO:Finished creating preprocessing pipeline.
2024-01-24 19:35:02,367:INFO:Pipeline: Pipeline(memory=FastMemory(location=C:\Users\HPOMEN~1\AppData\Local\Temp\joblib),
         steps=[('numerical_imputer',
                 TransformerWrapper(include=['trip_type', 'trip_distance',
                                             'passenger_count', 'fare_amount'],
                                    transformer=SimpleImputer())),
                ('categorical_imputer',
                 TransformerWrapper(include=[],
                                    transformer=SimpleImputer(strategy='most_frequent')))])
2024-01-24 19:35:02,367:INFO:Creating final display dataframe.
2024-01-24 19:35:12,704:INFO:Setup _display_container:                     Description             Value
0                    Session id               123
1                        Target      total_amount
2                   Target type        Regression
3           Original data shape     (11594791, 5)
4        Transformed data shape     (11594791, 5)
5   Transformed train set shape      (8116353, 5)
6    Transformed test set shape      (3478438, 5)
7              Numeric features                 4
8                    Preprocess              True
9               Imputation type            simple
10           Numeric imputation              mean
11       Categorical imputation              mode
12               Fold Generator             KFold
13                  Fold Number                10
14                     CPU Jobs                -1
15                      Use GPU             False
16               Log Experiment             False
17              Experiment Name  reg-default-name
18                          USI              5c8e
2024-01-24 19:35:15,827:WARNING:
'xgboost' is a soft dependency and not included in the pycaret installation. Please run: `pip install xgboost` to install.
Alternately, you can install this by running `pip install pycaret[models]`
2024-01-24 19:35:15,828:INFO:Soft dependency imported: catboost: 1.2.2
2024-01-24 19:35:18,905:WARNING:
'xgboost' is a soft dependency and not included in the pycaret installation. Please run: `pip install xgboost` to install.
Alternately, you can install this by running `pip install pycaret[models]`
2024-01-24 19:35:18,905:INFO:Soft dependency imported: catboost: 1.2.2
2024-01-24 19:35:18,906:INFO:setup() successfully completed in 66.25s...............
2024-01-24 19:35:18,979:INFO:Initializing create_model()
2024-01-24 19:35:18,980:INFO:create_model(self=<pycaret.regression.oop.RegressionExperiment object at 0x000001F5D5BE1C90>, estimator=lr, fold=None, round=4, cross_validation=True, predict=True, fit_kwargs=None, groups=None, refit=True, probability_threshold=None, experiment_custom_tags=None, verbose=True, system=True, add_to_model_list=True, metrics=None, display=None, model_only=True, return_train_score=False, error_score=0.0, kwargs={})
2024-01-24 19:35:18,980:INFO:Checking exceptions
2024-01-24 19:35:19,006:INFO:Importing libraries
2024-01-24 19:35:19,006:INFO:Copying training dataset
2024-01-24 19:35:23,413:INFO:Defining folds
2024-01-24 19:35:23,414:INFO:Declaring metric variables
2024-01-24 19:35:23,418:INFO:Importing untrained model
2024-01-24 19:35:23,423:INFO:Linear Regression Imported successfully
2024-01-24 19:35:23,432:INFO:Starting cross validation
2024-01-24 19:35:23,437:INFO:Cross validating with KFold(n_splits=10, random_state=None, shuffle=False), n_jobs=-1
2024-01-24 19:35:34,376:INFO:Calculating mean and std
2024-01-24 19:35:34,379:INFO:Creating metrics dataframe
2024-01-24 19:35:34,391:INFO:Finalizing model
2024-01-24 19:35:36,195:INFO:Uploading results into container
2024-01-24 19:35:36,197:INFO:Uploading model into container now
2024-01-24 19:35:36,212:INFO:_master_model_container: 1
2024-01-24 19:35:36,212:INFO:_display_container: 2
2024-01-24 19:35:36,212:INFO:LinearRegression(n_jobs=-1)
2024-01-24 19:35:36,212:INFO:create_model() successfully completed......................................
2024-01-24 19:35:36,460:INFO:Initializing plot_model()
2024-01-24 19:35:36,460:INFO:plot_model(self=<pycaret.regression.oop.RegressionExperiment object at 0x000001F5D5BE1C90>, estimator=LinearRegression(n_jobs=-1), plot=features, scale=1, save=False, fold=None, fit_kwargs=None, plot_kwargs=None, groups=None, feature_name=None, label=False, verbose=True, system=True, display=None, display_format=None)
2024-01-24 19:35:36,461:INFO:Checking exceptions
2024-01-24 19:35:59,414:INFO:Initializing plot_model()
2024-01-24 19:35:59,415:INFO:plot_model(self=<pycaret.regression.oop.RegressionExperiment object at 0x000001F5D5BE1C90>, estimator=LinearRegression(n_jobs=-1), plot=residuals, scale=1, save=False, fold=None, fit_kwargs=None, plot_kwargs=None, groups=None, feature_name=None, label=False, verbose=True, system=True, display=None, display_format=None)
2024-01-24 19:35:59,415:INFO:Checking exceptions
2024-01-24 19:36:01,117:INFO:Preloading libraries
2024-01-24 19:36:01,118:INFO:Copying training dataset
2024-01-24 19:36:01,118:INFO:Plot type: residuals
2024-01-24 19:36:11,517:INFO:Fitting Model
2024-01-24 19:36:11,517:WARNING:c:\Users\HP Omen 17\AppData\Local\Programs\Python\Python311\Lib\site-packages\sklearn\base.py:439: UserWarning: X does not have valid feature names, but LinearRegression was fitted with feature names
  warnings.warn(

2024-01-24 19:36:12,411:INFO:Scoring test/hold-out set
2024-01-24 19:38:49,192:INFO:Visual Rendered Successfully
2024-01-24 19:38:49,373:INFO:plot_model() successfully completed......................................
2024-01-24 19:38:49,422:INFO:Initializing plot_model()
2024-01-24 19:38:49,422:INFO:plot_model(self=<pycaret.regression.oop.RegressionExperiment object at 0x000001F5D5BE1C90>, estimator=LinearRegression(n_jobs=-1), plot=error, scale=1, save=False, fold=None, fit_kwargs=None, plot_kwargs=None, groups=None, feature_name=None, label=False, verbose=True, system=True, display=None, display_format=None)
2024-01-24 19:38:49,422:INFO:Checking exceptions
2024-01-24 19:38:51,001:INFO:Preloading libraries
2024-01-24 19:38:51,002:INFO:Copying training dataset
2024-01-24 19:38:51,002:INFO:Plot type: error
2024-01-24 19:39:03,142:INFO:Fitting Model
2024-01-24 19:39:03,142:WARNING:c:\Users\HP Omen 17\AppData\Local\Programs\Python\Python311\Lib\site-packages\sklearn\base.py:439: UserWarning: X does not have valid feature names, but LinearRegression was fitted with feature names
  warnings.warn(

2024-01-24 19:39:03,142:INFO:Scoring test/hold-out set
2024-01-24 19:39:57,347:INFO:Visual Rendered Successfully
2024-01-24 19:39:57,539:INFO:plot_model() successfully completed......................................
2024-01-24 19:39:57,567:INFO:Initializing plot_model()
2024-01-24 19:39:57,567:INFO:plot_model(self=<pycaret.regression.oop.RegressionExperiment object at 0x000001F5D5BE1C90>, estimator=LinearRegression(n_jobs=-1), plot=feature, scale=1, save=False, fold=None, fit_kwargs=None, plot_kwargs=None, groups=None, feature_name=None, label=False, verbose=True, system=True, display=None, display_format=None)
2024-01-24 19:39:57,567:INFO:Checking exceptions
2024-01-24 19:39:59,108:INFO:Preloading libraries
2024-01-24 19:39:59,109:INFO:Copying training dataset
2024-01-24 19:39:59,109:INFO:Plot type: feature
2024-01-24 19:40:05,659:INFO:Visual Rendered Successfully
2024-01-24 19:40:05,819:INFO:plot_model() successfully completed......................................
